2022-05-04T12:41:50.3937233+05:30  [INF] Application started. Press Ctrl+C to shut down. (dcaefe54)
2022-05-04T12:41:50.4129226+05:30  [INF] Hosting environment: "Debelopment" (c3307c92)
2022-05-04T12:41:50.4161690+05:30  [INF] Content root path: "D:\Digital Vichar Projects\EducationPortal\EducationPortal" (b5d60022)
2022-05-04T12:42:03.1847903+05:30 8000001f-0003-f800-b63f-84710c7967bb [INF] Login failed (7a0261ea)
2022-05-04T12:43:08.7569363+05:30  [INF] Application started. Press Ctrl+C to shut down. (dcaefe54)
2022-05-04T12:43:08.7653926+05:30  [INF] Hosting environment: "Debelopment" (c3307c92)
2022-05-04T12:43:08.7673774+05:30  [INF] Content root path: "D:\Digital Vichar Projects\EducationPortal\EducationPortal" (b5d60022)
2022-05-04T13:44:10.7782437+05:30  [INF] Application started. Press Ctrl+C to shut down. (dcaefe54)
2022-05-04T13:44:10.8054715+05:30  [INF] Hosting environment: "Debelopment" (c3307c92)
2022-05-04T13:44:10.8076596+05:30  [INF] Content root path: "D:\Digital Vichar Projects\EducationPortal\EducationPortal" (b5d60022)
2022-05-04T13:44:21.6418373+05:30 8000009e-0003-f900-b63f-84710c7967bb [INF] Login Successfully (46df7824)
2022-05-04T13:44:21.7292732+05:30 8000001c-0006-fb00-b63f-84710c7967bb [INF] User Index Page Accessed (9929e455)
2022-05-04T13:44:43.9313800+05:30 8000005f-0005-f800-b63f-84710c7967bb [INF] Category Index Page Accessed (b1e04f5b)
2022-05-04T13:44:46.3866061+05:30 8000001e-0006-fb00-b63f-84710c7967bb [INF] Category Add Page Accessed (9d8227e4)
2022-05-04T13:44:49.0761402+05:30 80000041-0002-fe00-b63f-84710c7967bb [INF] Category Index Page Accessed (b1e04f5b)
2022-05-04T13:47:39.2811240+05:30  [INF] Application started. Press Ctrl+C to shut down. (dcaefe54)
2022-05-04T13:47:39.2929832+05:30  [INF] Hosting environment: "Debelopment" (c3307c92)
2022-05-04T13:47:39.2956339+05:30  [INF] Content root path: "D:\Digital Vichar Projects\EducationPortal\EducationPortal" (b5d60022)
2022-05-04T13:47:49.2109521+05:30 80000050-0007-fd00-b63f-84710c7967bb [INF] Login Successfully (46df7824)
2022-05-04T13:47:49.2945267+05:30 8000007e-0002-fd00-b63f-84710c7967bb [INF] User Index Page Accessed (9929e455)
2022-05-04T13:47:52.7572025+05:30 8000002b-0004-fe00-b63f-84710c7967bb [INF] Role Index Page Accessed (956dc562)
2022-05-04T13:47:55.3531216+05:30 80000080-0002-fd00-b63f-84710c7967bb [INF] Role Priviledge Index Page Accessed (fc7badb0)
2022-05-04T13:47:59.5465792+05:30 8000002d-0004-fe00-b63f-84710c7967bb [INF] Category Index Page Accessed (b1e04f5b)
2022-05-04T13:48:01.9742274+05:30 80000020-0006-fb00-b63f-84710c7967bb [INF] Category Add Page Accessed (9d8227e4)
2022-05-04T13:48:06.7639337+05:30 80000022-0006-fb00-b63f-84710c7967bb [INF] Category Update Page Accessed (372b7ede)
2022-05-04T13:48:10.2844336+05:30 80000063-0005-f800-b63f-84710c7967bb [INF] Course Index Page Accessed (35bd6baa)
2022-05-04T13:48:12.2533461+05:30 80000065-0005-f800-b63f-84710c7967bb [INF] University Index Page Accessed (8db0ad51)
2022-05-04T13:48:14.1054918+05:30 800000ca-0000-ff00-b63f-84710c7967bb [INF] CMS Index Page Accessed (66fe3474)
2022-05-04T13:48:16.1233497+05:30 80000024-0006-fb00-b63f-84710c7967bb [INF] Course Inquiry Index Page Accessed (051e05de)
2022-05-04T13:48:18.4587425+05:30 80000067-0005-f800-b63f-84710c7967bb [INF] Suggest Index Page Accessed (2a0cc555)
2022-05-04T13:48:20.7181824+05:30 80000082-0002-fd00-b63f-84710c7967bb [INF] Slider Index Page Accessed (f61f5eb1)
2022-05-04T13:48:23.1177193+05:30 80000028-0006-fb00-b63f-84710c7967bb [INF] Blog List Page accessed (d13bbd56)
2022-05-04T13:48:27.7544790+05:30 800000ce-0000-ff00-b63f-84710c7967bb [INF] News Letter Index Page Accessed (c7a02eac)
2022-05-04T13:48:34.0672052+05:30 80000033-0004-fe00-b63f-84710c7967bb [INF] Email Template Index Page Accessed (894d6847)
2022-05-04T13:48:39.5313957+05:30 80000088-0002-fd00-b63f-84710c7967bb [INF] Recipient Index Page Accessed (5b93f6cc)
2022-05-04T13:48:43.3490606+05:30 80000035-0004-fe00-b63f-84710c7967bb [INF] Email Send History Index Page Accessed (ddd3e97a)
2022-05-04T16:02:27.0276251+05:30  [INF] Application started. Press Ctrl+C to shut down. (dcaefe54)
2022-05-04T16:02:27.0465088+05:30  [INF] Hosting environment: "Debelopment" (c3307c92)
2022-05-04T16:02:27.0493877+05:30  [INF] Content root path: "D:\Digital Vichar Projects\EducationPortal\EducationPortal" (b5d60022)
2022-05-04T16:02:39.7964257+05:30 8000002c-0006-fb00-b63f-84710c7967bb [INF] Login Successfully (46df7824)
2022-05-04T16:02:39.9143901+05:30 80000004-0004-fa00-b63f-84710c7967bb [INF] User Index Page Accessed (9929e455)
2022-05-04T16:02:44.4201397+05:30 8000002e-0006-fb00-b63f-84710c7967bb [INF] User Add Page Accessed (1e2712f0)
2022-05-04T16:03:08.9869089+05:30 80000032-0000-fe00-b63f-84710c7967bb [INF] User Added Successfully (bc2eed61)
2022-05-04T16:03:09.0212057+05:30 80000034-0000-fe00-b63f-84710c7967bb [INF] User Index Page Accessed (9929e455)
2022-05-04T16:03:19.4881413+05:30 80000036-0000-fe00-b63f-84710c7967bb [INF] User Deleted (d4f16b4a)
2022-05-04T16:03:19.5211139+05:30 8000008a-0002-fd00-b63f-84710c7967bb [INF] User Index Page Accessed (9929e455)
2022-05-04T16:03:19.5564922+05:30 800000ac-0001-fa00-b63f-84710c7967bb [INF] User Index Page Accessed (9929e455)
2022-05-04T16:03:23.9134264+05:30 8000003a-0000-fe00-b63f-84710c7967bb [INF] Role Index Page Accessed (956dc562)
2022-05-04T16:03:25.8162304+05:30 8000003e-0000-fe00-b63f-84710c7967bb [INF] Role Add Page Accessed (b919b865)
2022-05-04T16:03:30.6294757+05:30 800000ae-0001-fa00-b63f-84710c7967bb [INF] Role Added Successfully (3438abc4)
2022-05-04T16:03:30.6507068+05:30 80000040-0000-fe00-b63f-84710c7967bb [INF] Role Index Page Accessed (956dc562)
2022-05-04T16:03:35.7652972+05:30 800000d3-0000-ff00-b63f-84710c7967bb [INF] Role Update Page Accessed (e7a1e689)
2022-05-04T16:03:38.7868637+05:30 800000d5-0000-ff00-b63f-84710c7967bb [INF] Role Updated Successfully (59eed73c)
2022-05-04T16:03:38.8091688+05:30 800000d7-0000-ff00-b63f-84710c7967bb [INF] Role Index Page Accessed (956dc562)
2022-05-04T16:03:45.9958654+05:30 80000037-0001-fc00-b63f-84710c7967bb [INF] Role Deleted Successfully (a9b313c3)
2022-05-04T16:03:46.0240670+05:30 8000008c-0002-fd00-b63f-84710c7967bb [INF] Role Index Page Accessed (956dc562)
2022-05-04T16:03:46.0703079+05:30 800000d9-0000-ff00-b63f-84710c7967bb [INF] Role Index Page Accessed (956dc562)
2022-05-04T16:03:48.9814925+05:30 80000090-0002-fd00-b63f-84710c7967bb [INF] Role Priviledge Index Page Accessed (fc7badb0)
2022-05-04T16:04:08.2181608+05:30 8000003b-0001-fc00-b63f-84710c7967bb [INF] Category Index Page Accessed (b1e04f5b)
2022-05-04T16:04:10.9944070+05:30 8000003d-0001-fc00-b63f-84710c7967bb [INF] Category Add Page Accessed (9d8227e4)
2022-05-04T16:04:14.9740329+05:30 800000db-0000-ff00-b63f-84710c7967bb [INF] Category Added Successfully (244991da)
2022-05-04T16:04:22.4481360+05:30 800000a3-0003-f900-b63f-84710c7967bb [INF] Category Update Page Accessed (372b7ede)
2022-05-04T16:04:27.3289801+05:30 80000043-0001-fc00-b63f-84710c7967bb [INF] Category Updated Successfully (6ead291c)
2022-05-04T16:04:27.3642813+05:30 800000dd-0000-ff00-b63f-84710c7967bb [INF] Category Index Page Accessed (b1e04f5b)
2022-05-04T16:06:01.6184958+05:30  [INF] Application started. Press Ctrl+C to shut down. (dcaefe54)
2022-05-04T16:06:01.6361882+05:30  [INF] Hosting environment: "Debelopment" (c3307c92)
2022-05-04T16:06:01.6422803+05:30  [INF] Content root path: "D:\Digital Vichar Projects\EducationPortal\EducationPortal" (b5d60022)
2022-05-04T16:06:15.3149746+05:30 8000000c-0003-f600-b63f-84710c7967bb [INF] Login Successfully (46df7824)
2022-05-04T16:06:15.4975645+05:30 80000096-0002-fd00-b63f-84710c7967bb [INF] User Index Page Accessed (9929e455)
2022-05-04T16:06:23.7239208+05:30 8000000e-0003-f600-b63f-84710c7967bb [INF] Category Index Page Accessed (b1e04f5b)
2022-05-04T16:06:28.5093188+05:30 800000df-0000-ff00-b63f-84710c7967bb [INF] Category Add Page Accessed (9d8227e4)
2022-05-04T16:06:32.9211506+05:30 80000073-0005-f800-b63f-84710c7967bb [INF] Category Added Successfully (244991da)
2022-05-04T16:06:32.9565351+05:30 800000e1-0000-ff00-b63f-84710c7967bb [INF] Category Index Page Accessed (b1e04f5b)
2022-05-04T16:06:38.7246880+05:30 8000003a-0004-fe00-b63f-84710c7967bb [INF] Category Update Page Accessed (372b7ede)
2022-05-04T16:06:41.3469938+05:30 80000032-0006-fb00-b63f-84710c7967bb [INF] Category Updated Successfully (6ead291c)
2022-05-04T16:06:41.3790273+05:30 800000e3-0000-ff00-b63f-84710c7967bb [INF] Category Index Page Accessed (b1e04f5b)
2022-05-04T16:06:49.8909343+05:30 800000e7-0000-ff00-b63f-84710c7967bb [INF] Category Deleted Successfully (44109673)
2022-05-04T16:06:49.9305484+05:30 800000b3-0001-fa00-b63f-84710c7967bb [INF] Role Index Page Accessed (956dc562)
2022-05-04T16:06:49.9954169+05:30 800000b5-0001-fa00-b63f-84710c7967bb [INF] Category Index Page Accessed (b1e04f5b)
2022-05-04T16:06:53.2399604+05:30 800000b7-0001-fa00-b63f-84710c7967bb [INF] Course Index Page Accessed (35bd6baa)
2022-05-04T16:06:56.1363966+05:30 80000075-0005-f800-b63f-84710c7967bb [INF] Category Index Page Accessed (b1e04f5b)
2022-05-04T16:06:58.2068229+05:30 800000ed-0000-ff00-b63f-84710c7967bb [INF] Category Details Page Accessed (d297b22a)
2022-05-04T16:07:05.0167827+05:30 80000010-0003-f600-b63f-84710c7967bb [INF] University Index Page Accessed (8db0ad51)
2022-05-04T16:07:07.4383561+05:30 800000ef-0000-ff00-b63f-84710c7967bb [INF] University Add Page Accessed (7030a197)
2022-05-04T16:07:21.6274961+05:30 800000bd-0001-fa00-b63f-84710c7967bb [INF] Logout Successfully (fb3d04f3)
